SF:lib\src\open_meteo_api_client.dart
DA:26,1
DA:27,1
DA:35,1
DA:36,1
DA:39,1
DA:42,2
DA:44,2
DA:45,1
DA:48,2
DA:50,2
DA:52,1
DA:54,2
DA:56,2
DA:60,1
DA:64,2
DA:65,1
DA:66,1
DA:70,2
DA:72,2
DA:73,1
DA:76,2
DA:78,1
DA:79,1
DA:82,1
DA:84,1
LF:25
LH:25
end_of_record
SF:lib\src\models\location.dart
DA:7,2
DA:14,2
DA:15,2
LF:3
LH:3
end_of_record
SF:lib\src\models\location.g.dart
DA:11,4
DA:14,2
DA:15,2
DA:16,4
DA:17,4
DA:18,6
DA:19,6
LF:7
LH:7
end_of_record
SF:lib\src\models\weather.dart
DA:7,2
DA:9,2
DA:10,2
LF:3
LH:3
end_of_record
SF:lib\src\models\weather.g.dart
DA:11,4
DA:14,2
DA:15,2
DA:17,6
DA:19,6
LF:5
LH:5
end_of_record
